<?xml version="1.0" encoding="UTF-8"?>
<testng-results ignored="3" total="5" passed="2" failed="0" skipped="0">
  <reporter-output>
  </reporter-output>
  <suite started-at="2022-07-11T10:35:25 IST" name="Surefire suite" finished-at="2022-07-11T10:35:54 IST" duration-ms="29498">
    <groups>
    </groups>
    <test started-at="2022-07-11T10:35:25 IST" name="Surefire test" finished-at="2022-07-11T10:35:54 IST" duration-ms="29498">
      <class name="com.herokupp.theinternet.Revise">
        <test-method signature="popUpTest()[pri:0, instance:com.herokupp.theinternet.Revise@63070bab]" started-at="2022-07-11T10:35:25 IST" name="popUpTest" finished-at="2022-07-11T10:35:47 IST" duration-ms="22095" status="PASS">
          <reporter-output>
          </reporter-output>
        </test-method> <!-- popUpTest -->
        <test-method signature="wikiPedia()[pri:0, instance:com.herokupp.theinternet.Revise@63070bab]" started-at="2022-07-11T10:35:47 IST" name="wikiPedia" finished-at="2022-07-11T10:35:54 IST" duration-ms="7333" status="PASS">
          <reporter-output>
          </reporter-output>
        </test-method> <!-- wikiPedia -->
      </class> <!-- com.herokupp.theinternet.Revise -->
    </test> <!-- Surefire test -->
  </suite> <!-- Surefire suite -->
</testng-results>
