<?xml version="1.0" encoding="UTF-8"?>
<!-- Generated by org.testng.reporters.JUnitXMLReporter -->
<testsuite ignored="3" hostname="DESKTOP-2SPK7TN" failures="0" tests="2" name="Surefire test" time="29.498" errors="0" timestamp="2022-07-11T10:35:54 IST">
  <testcase classname="com.herokupp.theinternet.Revise" name="popUpTest" time="22.095"/>
  <testcase classname="com.herokupp.theinternet.Revise" name="wikiPedia" time="7.333"/>
  <testcase classname="com.herokupp.theinternet.Revise" name="uploadTest" time="0.0">
    <ignored/>
  </testcase> <!-- uploadTest -->
  <testcase classname="com.herokupp.theinternet.Revise" name="dropDown" time="0.0">
    <ignored/>
  </testcase> <!-- dropDown -->
  <testcase classname="com.herokupp.theinternet.Revise" name="checkBox" time="0.0">
    <ignored/>
  </testcase> <!-- checkBox -->
</testsuite> <!-- Surefire test -->
