<?xml version="1.0" encoding="UTF-8"?>
<!-- Generated by org.testng.reporters.JUnitXMLReporter -->
<testsuite ignored="3" hostname="DESKTOP-2SPK7TN" failures="0" tests="2" name="Default test" time="39.244" errors="0" timestamp="2022-08-29T08:18:32 IST">
  <testcase classname="com.herokupp.theinternet.Revise" name="popUpTest" time="26.133"/>
  <testcase classname="com.herokupp.theinternet.Revise" name="wikiPedia" time="13.056"/>
  <testcase classname="com.herokupp.theinternet.Revise" name="dropDown" time="0.0">
    <ignored/>
  </testcase> <!-- dropDown -->
  <testcase classname="com.herokupp.theinternet.Revise" name="checkBox" time="0.0">
    <ignored/>
  </testcase> <!-- checkBox -->
  <testcase classname="com.herokupp.theinternet.Revise" name="uploadTest" time="0.0">
    <ignored/>
  </testcase> <!-- uploadTest -->
</testsuite> <!-- Default test -->
