<?xml version="1.0" encoding="UTF-8"?>
<testng-results ignored="3" total="5" passed="2" failed="0" skipped="0">
  <reporter-output>
  </reporter-output>
  <suite started-at="2022-08-29T08:17:53 IST" name="Default suite" finished-at="2022-08-29T08:18:32 IST" duration-ms="39244">
    <groups>
    </groups>
    <test started-at="2022-08-29T08:17:53 IST" name="Default test" finished-at="2022-08-29T08:18:32 IST" duration-ms="39244">
      <class name="com.herokupp.theinternet.Revise">
        <test-method signature="popUpTest()[pri:0, instance:com.herokupp.theinternet.Revise@16a0ee18]" started-at="2022-08-29T08:17:53 IST" name="popUpTest" finished-at="2022-08-29T08:18:19 IST" duration-ms="26133" status="PASS">
          <reporter-output>
          </reporter-output>
        </test-method> <!-- popUpTest -->
        <test-method signature="wikiPedia()[pri:0, instance:com.herokupp.theinternet.Revise@16a0ee18]" started-at="2022-08-29T08:18:19 IST" name="wikiPedia" finished-at="2022-08-29T08:18:32 IST" duration-ms="13056" status="PASS">
          <reporter-output>
          </reporter-output>
        </test-method> <!-- wikiPedia -->
      </class> <!-- com.herokupp.theinternet.Revise -->
    </test> <!-- Default test -->
  </suite> <!-- Default suite -->
</testng-results>
